8/23/2019 9:59:55 PM
Mailbox unavailable. The server response was: Access denied - Invalid HELO name (See RFC2821 4.1.1.1)
   at System.Net.Mail.MailCommand.CheckResponse(SmtpStatusCode statusCode, String response)
   at System.Net.Mail.MailCommand.Send(SmtpConnection conn, Byte[] command, MailAddress from, Boolean allowUnicode)
   at System.Net.Mail.SmtpTransport.SendMail(MailAddress sender, MailAddressCollection recipients, String deliveryNotify, Boolean allowUnicode, SmtpFailedRecipientException& exception)
   at System.Net.Mail.SmtpClient.Send(MailMessage message)
   at NovaNet.Utils.exLog.emailLogger.Log(Exception ex)
System
--------End--------
8/23/2019 10:01:06 PM
Mailbox unavailable. The server response was: Access denied - Invalid HELO name (See RFC2821 4.1.1.1)
   at System.Net.Mail.MailCommand.CheckResponse(SmtpStatusCode statusCode, String response)
   at System.Net.Mail.MailCommand.Send(SmtpConnection conn, Byte[] command, MailAddress from, Boolean allowUnicode)
   at System.Net.Mail.SmtpTransport.SendMail(MailAddress sender, MailAddressCollection recipients, String deliveryNotify, Boolean allowUnicode, SmtpFailedRecipientException& exception)
   at System.Net.Mail.SmtpClient.Send(MailMessage message)
   at NovaNet.Utils.exLog.emailLogger.Log(Exception ex)
System
--------End--------
8/23/2019 10:21:58 PM
Mailbox unavailable. The server response was: Access denied - Invalid HELO name (See RFC2821 4.1.1.1)
   at System.Net.Mail.MailCommand.CheckResponse(SmtpStatusCode statusCode, String response)
   at System.Net.Mail.MailCommand.Send(SmtpConnection conn, Byte[] command, MailAddress from, Boolean allowUnicode)
   at System.Net.Mail.SmtpTransport.SendMail(MailAddress sender, MailAddressCollection recipients, String deliveryNotify, Boolean allowUnicode, SmtpFailedRecipientException& exception)
   at System.Net.Mail.SmtpClient.Send(MailMessage message)
   at NovaNet.Utils.exLog.emailLogger.Log(Exception ex) in C:\Users\Sandhi\Desktop\DEVELOP\payroll\Payroll\NovaNet\Utils\emailLogger.cs:line 83
System
--------End--------
8/23/2019 10:22:26 PM
Mailbox unavailable. The server response was: Access denied - Invalid HELO name (See RFC2821 4.1.1.1)
   at System.Net.Mail.MailCommand.CheckResponse(SmtpStatusCode statusCode, String response)
   at System.Net.Mail.MailCommand.Send(SmtpConnection conn, Byte[] command, MailAddress from, Boolean allowUnicode)
   at System.Net.Mail.SmtpTransport.SendMail(MailAddress sender, MailAddressCollection recipients, String deliveryNotify, Boolean allowUnicode, SmtpFailedRecipientException& exception)
   at System.Net.Mail.SmtpClient.Send(MailMessage message)
   at NovaNet.Utils.exLog.emailLogger.Log(Exception ex) in C:\Users\Sandhi\Desktop\DEVELOP\payroll\Payroll\NovaNet\Utils\emailLogger.cs:line 83
System
--------End--------
8/28/2019 5:17:56 PM
Failure sending mail.
   at System.Net.Mail.SmtpClient.Send(MailMessage message)
   at NovaNet.Utils.exLog.emailLogger.Log(Exception ex) in C:\Users\Sandhi\Desktop\DEVELOP\payroll\Payroll\NovaNet\Utils\emailLogger.cs:line 83
System
--------End--------
